<?xml version="1.0" encoding="UTF-8"?>
<testsuite name="ru.stqa.pft.addressbook.tests.ContactCreationTests" tests="3" skipped="0" failures="0" errors="0" timestamp="2018-03-06T17:08:16" hostname="MacBook-Pro-Vladislav.local" time="140.009">
  <properties/>
  <testcase name="testContactCreation[0](ContactData{id='2147483647', firstname='test0'})" classname="ru.stqa.pft.addressbook.tests.ContactCreationTests" time="26.912"/>
  <testcase name="testContactCreation[1](ContactData{id='2147483647', firstname='test1'})" classname="ru.stqa.pft.addressbook.tests.ContactCreationTests" time="57.262"/>
  <testcase name="testContactCreation[2](ContactData{id='2147483647', firstname='test2'})" classname="ru.stqa.pft.addressbook.tests.ContactCreationTests" time="55.832"/>
  <system-out><![CDATA[]]></system-out>
  <system-err><![CDATA[]]></system-err>
</testsuite>
