<?xml version="1.0" encoding="UTF-8"?>
<testsuite name="ru.stqa.pft.addressbook.tests.ContactCreationTests" tests="3" skipped="0" failures="0" errors="0" timestamp="2018-03-06T16:47:08" hostname="MacBook-Pro-Vladislav.local" time="46.298">
  <properties/>
  <testcase name="testContactCreation[0](ContactData{id='2147483647', firstname='test0'})" classname="ru.stqa.pft.addressbook.tests.ContactCreationTests" time="21.58"/>
  <testcase name="testContactCreation[1](ContactData{id='2147483647', firstname='test1'})" classname="ru.stqa.pft.addressbook.tests.ContactCreationTests" time="12.263"/>
  <testcase name="testContactCreation[2](ContactData{id='2147483647', firstname='test2'})" classname="ru.stqa.pft.addressbook.tests.ContactCreationTests" time="12.453"/>
  <system-out><![CDATA[]]></system-out>
  <system-err><![CDATA[]]></system-err>
</testsuite>
